2022-10-14 13:03:46,549 - DEBUG - новое событие
2022-10-14 13:03:46,549 - INFO - не умею обрабатывать событие VkBotEventType.MESSAGE_TYPING_STATE
2022-10-14 13:03:47,887 - DEBUG - новое событие
2022-10-14 13:03:48,071 - DEBUG - новое событие
2022-10-14 13:03:48,071 - INFO - не умею обрабатывать событие VkBotEventType.MESSAGE_REPLY
2022-10-14 13:03:53,219 - DEBUG - новое событие
2022-10-14 13:03:53,219 - INFO - не умею обрабатывать событие VkBotEventType.MESSAGE_TYPING_STATE
2022-10-14 13:03:54,633 - DEBUG - новое событие
2022-10-14 13:03:54,770 - DEBUG - новое событие
2022-10-14 13:03:54,770 - INFO - не умею обрабатывать событие VkBotEventType.MESSAGE_REPLY
2022-10-14 13:03:59,633 - DEBUG - новое событие
2022-10-14 13:03:59,633 - INFO - не умею обрабатывать событие VkBotEventType.MESSAGE_TYPING_STATE
2022-10-14 13:04:01,561 - DEBUG - новое событие
2022-10-14 13:04:01,694 - DEBUG - новое событие
2022-10-14 13:04:01,694 - INFO - не умею обрабатывать событие VkBotEventType.MESSAGE_REPLY
2022-10-14 13:04:04,667 - DEBUG - новое событие
2022-10-14 13:04:04,667 - INFO - не умею обрабатывать событие VkBotEventType.MESSAGE_TYPING_STATE
2022-10-14 13:04:05,393 - DEBUG - новое событие
2022-10-14 13:04:05,583 - DEBUG - новое событие
2022-10-14 13:04:05,584 - INFO - не умею обрабатывать событие VkBotEventType.MESSAGE_REPLY
2022-10-14 13:04:12,103 - DEBUG - новое событие
2022-10-14 13:04:12,104 - INFO - не умею обрабатывать событие VkBotEventType.MESSAGE_TYPING_STATE
2022-10-14 13:04:17,250 - DEBUG - новое событие
2022-10-14 13:04:17,250 - INFO - не умею обрабатывать событие VkBotEventType.MESSAGE_TYPING_STATE
2022-10-14 13:04:18,603 - DEBUG - новое событие
2022-10-14 13:04:20,027 - INFO - зарегистрирован: Владислав buntzalogin@gmail.com
2022-10-14 13:04:20,046 - DEBUG - новое событие
2022-10-14 13:04:20,046 - INFO - не умею обрабатывать событие VkBotEventType.MESSAGE_REPLY
2022-10-14 13:04:20,046 - DEBUG - новое событие
2022-10-14 13:04:20,046 - INFO - не умею обрабатывать событие VkBotEventType.MESSAGE_REPLY
2022-10-14 13:12:49,276 - DEBUG - новое событие
2022-10-14 13:12:49,277 - INFO - не умею обрабатывать событие VkBotEventType.MESSAGE_ALLOW
2022-10-14 13:12:49,277 - DEBUG - новое событие
2022-10-14 13:12:49,519 - DEBUG - новое событие
2022-10-14 13:12:49,519 - INFO - не умею обрабатывать событие VkBotEventType.MESSAGE_REPLY
2022-10-14 13:13:00,802 - DEBUG - новое событие
2022-10-14 13:13:00,803 - INFO - не умею обрабатывать событие VkBotEventType.MESSAGE_TYPING_STATE
2022-10-14 13:13:04,876 - DEBUG - новое событие
2022-10-14 13:13:04,986 - DEBUG - новое событие
2022-10-14 13:13:04,986 - INFO - не умею обрабатывать событие VkBotEventType.MESSAGE_REPLY
2022-10-14 15:38:43,779 - DEBUG - новое событие
2022-10-14 15:38:43,779 - INFO - не умею обрабатывать событие VkBotEventType.MESSAGE_TYPING_STATE
2022-10-14 15:38:48,664 - DEBUG - новое событие
2022-10-14 15:38:48,900 - DEBUG - новое событие
2022-10-14 15:38:48,900 - INFO - не умею обрабатывать событие VkBotEventType.MESSAGE_REPLY
2022-10-14 15:38:50,532 - DEBUG - новое событие
2022-10-14 15:38:50,532 - INFO - не умею обрабатывать событие VkBotEventType.MESSAGE_TYPING_STATE
2022-10-14 15:38:53,389 - DEBUG - новое событие
2022-10-14 15:38:53,568 - DEBUG - новое событие
2022-10-14 15:38:53,568 - INFO - не умею обрабатывать событие VkBotEventType.MESSAGE_REPLY
2022-10-14 15:38:57,057 - DEBUG - новое событие
2022-10-14 15:38:57,057 - INFO - не умею обрабатывать событие VkBotEventType.MESSAGE_TYPING_STATE
2022-10-14 15:38:59,267 - DEBUG - новое событие
2022-10-14 15:38:59,413 - DEBUG - новое событие
2022-10-14 15:38:59,413 - INFO - не умею обрабатывать событие VkBotEventType.MESSAGE_REPLY
2022-10-14 15:39:03,789 - DEBUG - новое событие
2022-10-14 15:39:03,789 - INFO - не умею обрабатывать событие VkBotEventType.MESSAGE_TYPING_STATE
2022-10-14 15:39:08,847 - DEBUG - новое событие
2022-10-14 15:39:08,847 - INFO - не умею обрабатывать событие VkBotEventType.MESSAGE_TYPING_STATE
2022-10-14 15:39:15,572 - DEBUG - новое событие
2022-10-14 15:39:17,004 - INFO - зарегистрирован: Екатерина teraspetial@mail.ru
2022-10-14 15:39:17,026 - DEBUG - новое событие
2022-10-14 15:39:17,026 - INFO - не умею обрабатывать событие VkBotEventType.MESSAGE_REPLY
2022-10-14 15:39:17,026 - DEBUG - новое событие
2022-10-14 15:39:17,026 - INFO - не умею обрабатывать событие VkBotEventType.MESSAGE_REPLY
2022-10-14 15:41:14,506 - DEBUG - новое событие
2022-10-14 15:41:14,506 - INFO - не умею обрабатывать событие VkBotEventType.MESSAGE_TYPING_STATE
2022-10-14 15:41:15,281 - DEBUG - новое событие
2022-10-14 15:41:15,476 - DEBUG - новое событие
2022-10-14 15:41:15,476 - INFO - не умею обрабатывать событие VkBotEventType.MESSAGE_REPLY
2022-10-14 15:41:17,587 - DEBUG - новое событие
2022-10-14 15:41:17,746 - DEBUG - новое событие
2022-10-14 15:41:17,746 - INFO - не умею обрабатывать событие VkBotEventType.MESSAGE_REPLY
2022-10-14 15:41:18,386 - DEBUG - новое событие
2022-10-14 15:41:18,537 - DEBUG - новое событие
2022-10-14 15:41:18,537 - INFO - не умею обрабатывать событие VkBotEventType.MESSAGE_REPLY
2022-10-14 15:41:19,345 - DEBUG - новое событие
2022-10-14 15:41:19,616 - DEBUG - новое событие
2022-10-14 15:41:19,616 - INFO - не умею обрабатывать событие VkBotEventType.MESSAGE_REPLY
2022-10-14 15:41:19,616 - DEBUG - новое событие
2022-10-14 15:41:19,616 - INFO - не умею обрабатывать событие VkBotEventType.MESSAGE_TYPING_STATE
2022-10-14 15:41:20,411 - DEBUG - новое событие
2022-10-14 15:41:20,702 - DEBUG - новое событие
2022-10-14 15:41:20,702 - INFO - не умею обрабатывать событие VkBotEventType.MESSAGE_REPLY
2022-10-14 15:42:09,754 - DEBUG - новое событие
2022-10-14 15:42:09,909 - DEBUG - новое событие
2022-10-14 15:42:09,910 - INFO - не умею обрабатывать событие VkBotEventType.MESSAGE_REPLY
2022-10-14 15:43:51,911 - DEBUG - новое событие
2022-10-14 15:43:51,911 - INFO - не умею обрабатывать событие VkBotEventType.MESSAGE_TYPING_STATE
2022-10-14 15:44:01,202 - DEBUG - новое событие
2022-10-14 15:44:01,202 - INFO - не умею обрабатывать событие VkBotEventType.MESSAGE_REPLY
2022-10-14 15:46:56,854 - DEBUG - новое событие
2022-10-14 15:46:57,635 - DEBUG - новое событие
2022-10-14 15:46:57,635 - INFO - не умею обрабатывать событие VkBotEventType.MESSAGE_REPLY
2022-10-14 15:47:37,029 - DEBUG - новое событие
2022-10-14 15:47:37,029 - INFO - не умею обрабатывать событие VkBotEventType.MESSAGE_REPLY
2022-10-14 15:49:52,251 - DEBUG - новое событие
2022-10-14 15:49:52,252 - INFO - не умею обрабатывать событие VkBotEventType.MESSAGE_TYPING_STATE
2022-10-14 15:49:57,549 - DEBUG - новое событие
2022-10-14 15:49:57,549 - INFO - не умею обрабатывать событие VkBotEventType.MESSAGE_TYPING_STATE
2022-10-14 15:50:00,468 - DEBUG - новое событие
2022-10-14 15:50:00,651 - DEBUG - новое событие
2022-10-14 15:50:00,652 - INFO - не умею обрабатывать событие VkBotEventType.MESSAGE_REPLY
2022-10-14 16:11:19,857 - DEBUG - новое событие
2022-10-14 16:11:19,857 - INFO - не умею обрабатывать событие VkBotEventType.MESSAGE_ALLOW
2022-10-14 16:11:19,857 - DEBUG - новое событие
2022-10-14 16:11:20,087 - DEBUG - новое событие
2022-10-14 16:11:20,088 - INFO - не умею обрабатывать событие VkBotEventType.MESSAGE_REPLY
2022-10-14 16:11:30,292 - DEBUG - новое событие
2022-10-14 16:11:30,293 - INFO - не умею обрабатывать событие VkBotEventType.MESSAGE_TYPING_STATE
2022-10-14 16:11:33,510 - DEBUG - новое событие
2022-10-14 16:11:33,784 - DEBUG - новое событие
2022-10-14 16:11:33,784 - INFO - не умею обрабатывать событие VkBotEventType.MESSAGE_REPLY
2022-10-14 16:11:37,870 - DEBUG - новое событие
2022-10-14 16:11:37,870 - INFO - не умею обрабатывать событие VkBotEventType.MESSAGE_TYPING_STATE
2022-10-14 16:11:40,987 - DEBUG - новое событие
2022-10-14 16:11:41,162 - DEBUG - новое событие
2022-10-14 16:11:41,162 - INFO - не умею обрабатывать событие VkBotEventType.MESSAGE_REPLY
2022-10-14 16:11:44,049 - DEBUG - новое событие
2022-10-14 16:11:44,049 - INFO - не умею обрабатывать событие VkBotEventType.MESSAGE_TYPING_STATE
2022-10-14 16:11:46,581 - DEBUG - новое событие
2022-10-14 16:11:46,701 - DEBUG - новое событие
2022-10-14 16:11:46,702 - INFO - не умею обрабатывать событие VkBotEventType.MESSAGE_REPLY
2022-10-14 16:11:59,032 - DEBUG - новое событие
2022-10-14 16:11:59,033 - INFO - не умею обрабатывать событие VkBotEventType.MESSAGE_TYPING_STATE
2022-10-14 16:11:59,987 - DEBUG - новое событие
2022-10-14 16:12:00,087 - DEBUG - новое событие
2022-10-14 16:12:00,087 - INFO - не умею обрабатывать событие VkBotEventType.MESSAGE_REPLY
2022-10-14 16:12:04,385 - DEBUG - новое событие
2022-10-14 16:12:04,386 - INFO - не умею обрабатывать событие VkBotEventType.MESSAGE_TYPING_STATE
2022-10-14 16:12:04,815 - DEBUG - новое событие
2022-10-14 16:12:04,962 - DEBUG - новое событие
2022-10-14 16:12:04,962 - INFO - не умею обрабатывать событие VkBotEventType.MESSAGE_REPLY
2022-10-14 16:12:12,119 - DEBUG - новое событие
2022-10-14 16:12:12,119 - INFO - не умею обрабатывать событие VkBotEventType.MESSAGE_TYPING_STATE
2022-10-14 16:12:13,485 - DEBUG - новое событие
2022-10-14 16:12:13,650 - DEBUG - новое событие
2022-10-14 16:12:13,650 - INFO - не умею обрабатывать событие VkBotEventType.MESSAGE_REPLY
2022-10-14 16:12:18,928 - DEBUG - новое событие
2022-10-14 16:12:18,928 - INFO - не умею обрабатывать событие VkBotEventType.MESSAGE_TYPING_STATE
2022-10-14 16:12:21,110 - DEBUG - новое событие
2022-10-14 16:12:22,804 - INFO - зарегистрирован: Марина kaktus5678123@gmail.com
2022-10-14 16:12:22,822 - DEBUG - новое событие
2022-10-14 16:12:22,822 - INFO - не умею обрабатывать событие VkBotEventType.MESSAGE_REPLY
2022-10-14 16:12:22,822 - DEBUG - новое событие
2022-10-14 16:12:22,822 - INFO - не умею обрабатывать событие VkBotEventType.MESSAGE_REPLY
2022-10-14 16:12:29,557 - DEBUG - новое событие
2022-10-14 16:12:29,557 - INFO - не умею обрабатывать событие VkBotEventType.MESSAGE_TYPING_STATE
2022-10-14 16:12:31,176 - DEBUG - новое событие
2022-10-14 16:12:31,366 - DEBUG - новое событие
2022-10-14 16:12:31,366 - INFO - не умею обрабатывать событие VkBotEventType.MESSAGE_REPLY
